\BOOKMARK [0][-]{chapter.1}{\376\377\176\352\213\272}{}% 1
\BOOKMARK [1][-]{section.1.1}{\376\377\220\011\230\230\147\145\156\220}{chapter.1}% 2
\BOOKMARK [1][-]{section.1.2}{\376\377\141\017\116\111\124\214\200\314\146\157}{chapter.1}% 3
\BOOKMARK [1][-]{section.1.3}{\376\377\126\375\121\205\131\026\170\024\172\166\163\260\162\266}{chapter.1}% 4
\BOOKMARK [1][-]{section.1.4}{\376\377\176\323\147\204\133\211\143\222}{chapter.1}% 5
\BOOKMARK [1][-]{section.1.5}{\376\377\217\331\146\057\116\000\116\052\116\055\145\207\135\345\117\134\155\101\172\013\166\204\155\113\213\325}{chapter.1}% 6
\BOOKMARK [0][-]{chapter.2}{\376\377\175\047\147\137\177\032\152\041\127\213}{}% 7
\BOOKMARK [1][-]{section.2.1}{\376\377\175\047\147\137\177\032\152\041\127\213\166\204\162\151\164\006\126\376\120\317}{chapter.2}% 8
\BOOKMARK [1][-]{section.2.2}{\376\377\116\000\176\364\173\200\123\125\175\047\147\137\177\032\152\041\127\213}{chapter.2}% 9
\BOOKMARK [1][-]{section.2.3}{\376\377\123\237\200\336\121\167\147\011\121\205\220\350\176\323\147\204\166\204\140\305\121\265}{chapter.2}% 10
\BOOKMARK [0][-]{chapter.3}{\376\377\142\323\142\121\162\151\164\006\127\372\147\054\151\202\137\365}{}% 11
\BOOKMARK [1][-]{section.3.1}{\376\377\124\053\145\366\205\233\133\232\214\024\145\271\172\013\166\204\154\102\211\343}{chapter.3}% 12
\BOOKMARK [1][-]{section.3.2}{\376\377\142\323\142\121\116\015\123\330\221\317}{chapter.3}% 13
\BOOKMARK [0][-]{chapter.4}{\376\377\117\116\176\364\142\323\142\121\152\041\127\213}{}% 14
\BOOKMARK [1][-]{section.4.1}{\376\377\227\015\134\024\165\065\133\374\166\204\221\317\133\120\123\026}{chapter.4}% 15
\BOOKMARK [1][-]{section.4.2}{\376\377\142\323\142\121\166\370\123\330}{chapter.4}% 16
\BOOKMARK [1][-]{section.4.3}{\376\377\000E\000d\000g\000e\000\040\000M\000o\000d\000e}{chapter.4}% 17
\BOOKMARK [0][-]{chapter.5}{\376\377\232\330\226\066\142\323\142\121\176\335\177\030\117\123}{}% 18
\BOOKMARK [0][-]{chapter.6}{\376\377\140\073\176\323\116\016\134\125\147\033}{}% 19
\BOOKMARK [0][-]{chapter.7}{\376\377\201\364\214\042}{}% 20
